[xorm] [info]  2016/03/10 05:03:41.245577 [sql] SELECT `TABLE_NAME` from `INFORMATION_SCHEMA`.`TABLES` WHERE `TABLE_SCHEMA`=? and `TABLE_NAME`=? [args] [gogs version]
[xorm] [info]  2016/03/10 05:03:41.267912 [sql] SELECT `COLUMN_NAME` FROM `INFORMATION_SCHEMA`.`COLUMNS` WHERE `TABLE_SCHEMA` = ? AND `TABLE_NAME` = ? AND `COLUMN_NAME` = ? [gogs version id]
[xorm] [info]  2016/03/10 05:03:41.275921 [sql] SELECT `COLUMN_NAME` FROM `INFORMATION_SCHEMA`.`COLUMNS` WHERE `TABLE_SCHEMA` = ? AND `TABLE_NAME` = ? AND `COLUMN_NAME` = ? [gogs version version]
[xorm] [info]  2016/03/10 05:03:41.315538 [sql] SELECT `id`, `version` FROM `version` WHERE `id` = ? LIMIT 1 [args] [1]
[xorm] [info]  2016/03/10 05:03:41.319492 [sql] SELECT `TABLE_NAME`, `ENGINE`, `TABLE_ROWS`, `AUTO_INCREMENT` from `INFORMATION_SCHEMA`.`TABLES` WHERE `TABLE_SCHEMA`=? AND (`ENGINE`='MyISAM' OR `ENGINE` = 'InnoDB' OR `ENGINE` = 'TokuDB') [gogs]
[xorm] [info]  2016/03/10 05:03:41.449829 [sql] SELECT `COLUMN_NAME`, `IS_NULLABLE`, `COLUMN_DEFAULT`, `COLUMN_TYPE`, `COLUMN_KEY`, `EXTRA` FROM `INFORMATION_SCHEMA`.`COLUMNS` WHERE `TABLE_SCHEMA` = ? AND `TABLE_NAME` = ? [gogs access]
[xorm] [info]  2016/03/10 05:03:41.451107 [sql] SELECT `INDEX_NAME`, `NON_UNIQUE`, `COLUMN_NAME` FROM `INFORMATION_SCHEMA`.`STATISTICS` WHERE `TABLE_SCHEMA` = ? AND `TABLE_NAME` = ? [gogs access]
[xorm] [info]  2016/03/10 05:03:41.452908 [sql] SELECT `COLUMN_NAME`, `IS_NULLABLE`, `COLUMN_DEFAULT`, `COLUMN_TYPE`, `COLUMN_KEY`, `EXTRA` FROM `INFORMATION_SCHEMA`.`COLUMNS` WHERE `TABLE_SCHEMA` = ? AND `TABLE_NAME` = ? [gogs access_token]
[xorm] [info]  2016/03/10 05:03:41.454036 [sql] SELECT `INDEX_NAME`, `NON_UNIQUE`, `COLUMN_NAME` FROM `INFORMATION_SCHEMA`.`STATISTICS` WHERE `TABLE_SCHEMA` = ? AND `TABLE_NAME` = ? [gogs access_token]
[xorm] [info]  2016/03/10 05:03:41.455746 [sql] SELECT `COLUMN_NAME`, `IS_NULLABLE`, `COLUMN_DEFAULT`, `COLUMN_TYPE`, `COLUMN_KEY`, `EXTRA` FROM `INFORMATION_SCHEMA`.`COLUMNS` WHERE `TABLE_SCHEMA` = ? AND `TABLE_NAME` = ? [gogs action]
[xorm] [info]  2016/03/10 05:03:41.458732 [sql] SELECT `INDEX_NAME`, `NON_UNIQUE`, `COLUMN_NAME` FROM `INFORMATION_SCHEMA`.`STATISTICS` WHERE `TABLE_SCHEMA` = ? AND `TABLE_NAME` = ? [gogs action]
[xorm] [info]  2016/03/10 05:03:41.460351 [sql] SELECT `COLUMN_NAME`, `IS_NULLABLE`, `COLUMN_DEFAULT`, `COLUMN_TYPE`, `COLUMN_KEY`, `EXTRA` FROM `INFORMATION_SCHEMA`.`COLUMNS` WHERE `TABLE_SCHEMA` = ? AND `TABLE_NAME` = ? [gogs attachment]
[xorm] [info]  2016/03/10 05:03:41.461518 [sql] SELECT `INDEX_NAME`, `NON_UNIQUE`, `COLUMN_NAME` FROM `INFORMATION_SCHEMA`.`STATISTICS` WHERE `TABLE_SCHEMA` = ? AND `TABLE_NAME` = ? [gogs attachment]
[xorm] [info]  2016/03/10 05:03:41.465126 [sql] SELECT `COLUMN_NAME`, `IS_NULLABLE`, `COLUMN_DEFAULT`, `COLUMN_TYPE`, `COLUMN_KEY`, `EXTRA` FROM `INFORMATION_SCHEMA`.`COLUMNS` WHERE `TABLE_SCHEMA` = ? AND `TABLE_NAME` = ? [gogs collaboration]
[xorm] [info]  2016/03/10 05:03:41.465970 [sql] SELECT `INDEX_NAME`, `NON_UNIQUE`, `COLUMN_NAME` FROM `INFORMATION_SCHEMA`.`STATISTICS` WHERE `TABLE_SCHEMA` = ? AND `TABLE_NAME` = ? [gogs collaboration]
[xorm] [info]  2016/03/10 05:03:41.467701 [sql] SELECT `COLUMN_NAME`, `IS_NULLABLE`, `COLUMN_DEFAULT`, `COLUMN_TYPE`, `COLUMN_KEY`, `EXTRA` FROM `INFORMATION_SCHEMA`.`COLUMNS` WHERE `TABLE_SCHEMA` = ? AND `TABLE_NAME` = ? [gogs comment]
[xorm] [info]  2016/03/10 05:03:41.470580 [sql] SELECT `INDEX_NAME`, `NON_UNIQUE`, `COLUMN_NAME` FROM `INFORMATION_SCHEMA`.`STATISTICS` WHERE `TABLE_SCHEMA` = ? AND `TABLE_NAME` = ? [gogs comment]
[xorm] [info]  2016/03/10 05:03:41.505034 [sql] SELECT `COLUMN_NAME`, `IS_NULLABLE`, `COLUMN_DEFAULT`, `COLUMN_TYPE`, `COLUMN_KEY`, `EXTRA` FROM `INFORMATION_SCHEMA`.`COLUMNS` WHERE `TABLE_SCHEMA` = ? AND `TABLE_NAME` = ? [gogs deploy_key]
[xorm] [info]  2016/03/10 05:03:41.505859 [sql] SELECT `INDEX_NAME`, `NON_UNIQUE`, `COLUMN_NAME` FROM `INFORMATION_SCHEMA`.`STATISTICS` WHERE `TABLE_SCHEMA` = ? AND `TABLE_NAME` = ? [gogs deploy_key]
[xorm] [info]  2016/03/10 05:03:41.506198 [sql] SELECT `COLUMN_NAME`, `IS_NULLABLE`, `COLUMN_DEFAULT`, `COLUMN_TYPE`, `COLUMN_KEY`, `EXTRA` FROM `INFORMATION_SCHEMA`.`COLUMNS` WHERE `TABLE_SCHEMA` = ? AND `TABLE_NAME` = ? [gogs email_address]
[xorm] [info]  2016/03/10 05:03:41.545283 [sql] SELECT `INDEX_NAME`, `NON_UNIQUE`, `COLUMN_NAME` FROM `INFORMATION_SCHEMA`.`STATISTICS` WHERE `TABLE_SCHEMA` = ? AND `TABLE_NAME` = ? [gogs email_address]
[xorm] [info]  2016/03/10 05:03:41.585094 [sql] SELECT `COLUMN_NAME`, `IS_NULLABLE`, `COLUMN_DEFAULT`, `COLUMN_TYPE`, `COLUMN_KEY`, `EXTRA` FROM `INFORMATION_SCHEMA`.`COLUMNS` WHERE `TABLE_SCHEMA` = ? AND `TABLE_NAME` = ? [gogs follow]
[xorm] [info]  2016/03/10 05:03:41.586193 [sql] SELECT `INDEX_NAME`, `NON_UNIQUE`, `COLUMN_NAME` FROM `INFORMATION_SCHEMA`.`STATISTICS` WHERE `TABLE_SCHEMA` = ? AND `TABLE_NAME` = ? [gogs follow]
[xorm] [info]  2016/03/10 05:03:41.586607 [sql] SELECT `COLUMN_NAME`, `IS_NULLABLE`, `COLUMN_DEFAULT`, `COLUMN_TYPE`, `COLUMN_KEY`, `EXTRA` FROM `INFORMATION_SCHEMA`.`COLUMNS` WHERE `TABLE_SCHEMA` = ? AND `TABLE_NAME` = ? [gogs hook_task]
[xorm] [info]  2016/03/10 05:03:41.587631 [sql] SELECT `INDEX_NAME`, `NON_UNIQUE`, `COLUMN_NAME` FROM `INFORMATION_SCHEMA`.`STATISTICS` WHERE `TABLE_SCHEMA` = ? AND `TABLE_NAME` = ? [gogs hook_task]
[xorm] [info]  2016/03/10 05:03:41.588365 [sql] SELECT `COLUMN_NAME`, `IS_NULLABLE`, `COLUMN_DEFAULT`, `COLUMN_TYPE`, `COLUMN_KEY`, `EXTRA` FROM `INFORMATION_SCHEMA`.`COLUMNS` WHERE `TABLE_SCHEMA` = ? AND `TABLE_NAME` = ? [gogs issue]
[xorm] [info]  2016/03/10 05:03:41.589400 [sql] SELECT `INDEX_NAME`, `NON_UNIQUE`, `COLUMN_NAME` FROM `INFORMATION_SCHEMA`.`STATISTICS` WHERE `TABLE_SCHEMA` = ? AND `TABLE_NAME` = ? [gogs issue]
[xorm] [info]  2016/03/10 05:03:41.589903 [sql] SELECT `COLUMN_NAME`, `IS_NULLABLE`, `COLUMN_DEFAULT`, `COLUMN_TYPE`, `COLUMN_KEY`, `EXTRA` FROM `INFORMATION_SCHEMA`.`COLUMNS` WHERE `TABLE_SCHEMA` = ? AND `TABLE_NAME` = ? [gogs issue_label]
[xorm] [info]  2016/03/10 05:03:41.591521 [sql] SELECT `INDEX_NAME`, `NON_UNIQUE`, `COLUMN_NAME` FROM `INFORMATION_SCHEMA`.`STATISTICS` WHERE `TABLE_SCHEMA` = ? AND `TABLE_NAME` = ? [gogs issue_label]
[xorm] [info]  2016/03/10 05:03:41.625003 [sql] SELECT `COLUMN_NAME`, `IS_NULLABLE`, `COLUMN_DEFAULT`, `COLUMN_TYPE`, `COLUMN_KEY`, `EXTRA` FROM `INFORMATION_SCHEMA`.`COLUMNS` WHERE `TABLE_SCHEMA` = ? AND `TABLE_NAME` = ? [gogs issue_user]
[xorm] [info]  2016/03/10 05:03:41.625869 [sql] SELECT `INDEX_NAME`, `NON_UNIQUE`, `COLUMN_NAME` FROM `INFORMATION_SCHEMA`.`STATISTICS` WHERE `TABLE_SCHEMA` = ? AND `TABLE_NAME` = ? [gogs issue_user]
[xorm] [info]  2016/03/10 05:03:41.626211 [sql] SELECT `COLUMN_NAME`, `IS_NULLABLE`, `COLUMN_DEFAULT`, `COLUMN_TYPE`, `COLUMN_KEY`, `EXTRA` FROM `INFORMATION_SCHEMA`.`COLUMNS` WHERE `TABLE_SCHEMA` = ? AND `TABLE_NAME` = ? [gogs label]
[xorm] [info]  2016/03/10 05:03:41.626912 [sql] SELECT `INDEX_NAME`, `NON_UNIQUE`, `COLUMN_NAME` FROM `INFORMATION_SCHEMA`.`STATISTICS` WHERE `TABLE_SCHEMA` = ? AND `TABLE_NAME` = ? [gogs label]
[xorm] [info]  2016/03/10 05:03:41.627242 [sql] SELECT `COLUMN_NAME`, `IS_NULLABLE`, `COLUMN_DEFAULT`, `COLUMN_TYPE`, `COLUMN_KEY`, `EXTRA` FROM `INFORMATION_SCHEMA`.`COLUMNS` WHERE `TABLE_SCHEMA` = ? AND `TABLE_NAME` = ? [gogs login_source]
[xorm] [info]  2016/03/10 05:03:41.627943 [sql] SELECT `INDEX_NAME`, `NON_UNIQUE`, `COLUMN_NAME` FROM `INFORMATION_SCHEMA`.`STATISTICS` WHERE `TABLE_SCHEMA` = ? AND `TABLE_NAME` = ? [gogs login_source]
[xorm] [info]  2016/03/10 05:03:41.628269 [sql] SELECT `COLUMN_NAME`, `IS_NULLABLE`, `COLUMN_DEFAULT`, `COLUMN_TYPE`, `COLUMN_KEY`, `EXTRA` FROM `INFORMATION_SCHEMA`.`COLUMNS` WHERE `TABLE_SCHEMA` = ? AND `TABLE_NAME` = ? [gogs milestone]
[xorm] [info]  2016/03/10 05:03:41.629006 [sql] SELECT `INDEX_NAME`, `NON_UNIQUE`, `COLUMN_NAME` FROM `INFORMATION_SCHEMA`.`STATISTICS` WHERE `TABLE_SCHEMA` = ? AND `TABLE_NAME` = ? [gogs milestone]
[xorm] [info]  2016/03/10 05:03:41.629330 [sql] SELECT `COLUMN_NAME`, `IS_NULLABLE`, `COLUMN_DEFAULT`, `COLUMN_TYPE`, `COLUMN_KEY`, `EXTRA` FROM `INFORMATION_SCHEMA`.`COLUMNS` WHERE `TABLE_SCHEMA` = ? AND `TABLE_NAME` = ? [gogs mirror]
[xorm] [info]  2016/03/10 05:03:41.635143 [sql] SELECT `INDEX_NAME`, `NON_UNIQUE`, `COLUMN_NAME` FROM `INFORMATION_SCHEMA`.`STATISTICS` WHERE `TABLE_SCHEMA` = ? AND `TABLE_NAME` = ? [gogs mirror]
[xorm] [info]  2016/03/10 05:03:41.674952 [sql] SELECT `COLUMN_NAME`, `IS_NULLABLE`, `COLUMN_DEFAULT`, `COLUMN_TYPE`, `COLUMN_KEY`, `EXTRA` FROM `INFORMATION_SCHEMA`.`COLUMNS` WHERE `TABLE_SCHEMA` = ? AND `TABLE_NAME` = ? [gogs notice]
[xorm] [info]  2016/03/10 05:03:41.715744 [sql] SELECT `INDEX_NAME`, `NON_UNIQUE`, `COLUMN_NAME` FROM `INFORMATION_SCHEMA`.`STATISTICS` WHERE `TABLE_SCHEMA` = ? AND `TABLE_NAME` = ? [gogs notice]
[xorm] [info]  2016/03/10 05:03:41.716400 [sql] SELECT `COLUMN_NAME`, `IS_NULLABLE`, `COLUMN_DEFAULT`, `COLUMN_TYPE`, `COLUMN_KEY`, `EXTRA` FROM `INFORMATION_SCHEMA`.`COLUMNS` WHERE `TABLE_SCHEMA` = ? AND `TABLE_NAME` = ? [gogs org_user]
[xorm] [info]  2016/03/10 05:03:41.717320 [sql] SELECT `INDEX_NAME`, `NON_UNIQUE`, `COLUMN_NAME` FROM `INFORMATION_SCHEMA`.`STATISTICS` WHERE `TABLE_SCHEMA` = ? AND `TABLE_NAME` = ? [gogs org_user]
[xorm] [info]  2016/03/10 05:03:41.718622 [sql] SELECT `COLUMN_NAME`, `IS_NULLABLE`, `COLUMN_DEFAULT`, `COLUMN_TYPE`, `COLUMN_KEY`, `EXTRA` FROM `INFORMATION_SCHEMA`.`COLUMNS` WHERE `TABLE_SCHEMA` = ? AND `TABLE_NAME` = ? [gogs public_key]
[xorm] [info]  2016/03/10 05:03:41.719714 [sql] SELECT `INDEX_NAME`, `NON_UNIQUE`, `COLUMN_NAME` FROM `INFORMATION_SCHEMA`.`STATISTICS` WHERE `TABLE_SCHEMA` = ? AND `TABLE_NAME` = ? [gogs public_key]
[xorm] [info]  2016/03/10 05:03:41.720058 [sql] SELECT `COLUMN_NAME`, `IS_NULLABLE`, `COLUMN_DEFAULT`, `COLUMN_TYPE`, `COLUMN_KEY`, `EXTRA` FROM `INFORMATION_SCHEMA`.`COLUMNS` WHERE `TABLE_SCHEMA` = ? AND `TABLE_NAME` = ? [gogs pull_request]
[xorm] [info]  2016/03/10 05:03:41.720954 [sql] SELECT `INDEX_NAME`, `NON_UNIQUE`, `COLUMN_NAME` FROM `INFORMATION_SCHEMA`.`STATISTICS` WHERE `TABLE_SCHEMA` = ? AND `TABLE_NAME` = ? [gogs pull_request]
[xorm] [info]  2016/03/10 05:03:41.722033 [sql] SELECT `COLUMN_NAME`, `IS_NULLABLE`, `COLUMN_DEFAULT`, `COLUMN_TYPE`, `COLUMN_KEY`, `EXTRA` FROM `INFORMATION_SCHEMA`.`COLUMNS` WHERE `TABLE_SCHEMA` = ? AND `TABLE_NAME` = ? [gogs release]
[xorm] [info]  2016/03/10 05:03:41.724561 [sql] SELECT `INDEX_NAME`, `NON_UNIQUE`, `COLUMN_NAME` FROM `INFORMATION_SCHEMA`.`STATISTICS` WHERE `TABLE_SCHEMA` = ? AND `TABLE_NAME` = ? [gogs release]
[xorm] [info]  2016/03/10 05:03:41.728957 [sql] SELECT `COLUMN_NAME`, `IS_NULLABLE`, `COLUMN_DEFAULT`, `COLUMN_TYPE`, `COLUMN_KEY`, `EXTRA` FROM `INFORMATION_SCHEMA`.`COLUMNS` WHERE `TABLE_SCHEMA` = ? AND `TABLE_NAME` = ? [gogs repository]
[xorm] [info]  2016/03/10 05:03:41.729968 [sql] SELECT `INDEX_NAME`, `NON_UNIQUE`, `COLUMN_NAME` FROM `INFORMATION_SCHEMA`.`STATISTICS` WHERE `TABLE_SCHEMA` = ? AND `TABLE_NAME` = ? [gogs repository]
[xorm] [info]  2016/03/10 05:03:41.733473 [sql] SELECT `COLUMN_NAME`, `IS_NULLABLE`, `COLUMN_DEFAULT`, `COLUMN_TYPE`, `COLUMN_KEY`, `EXTRA` FROM `INFORMATION_SCHEMA`.`COLUMNS` WHERE `TABLE_SCHEMA` = ? AND `TABLE_NAME` = ? [gogs star]
[xorm] [info]  2016/03/10 05:03:41.735143 [sql] SELECT `INDEX_NAME`, `NON_UNIQUE`, `COLUMN_NAME` FROM `INFORMATION_SCHEMA`.`STATISTICS` WHERE `TABLE_SCHEMA` = ? AND `TABLE_NAME` = ? [gogs star]
[xorm] [info]  2016/03/10 05:03:41.739196 [sql] SELECT `COLUMN_NAME`, `IS_NULLABLE`, `COLUMN_DEFAULT`, `COLUMN_TYPE`, `COLUMN_KEY`, `EXTRA` FROM `INFORMATION_SCHEMA`.`COLUMNS` WHERE `TABLE_SCHEMA` = ? AND `TABLE_NAME` = ? [gogs team]
[xorm] [info]  2016/03/10 05:03:41.775678 [sql] SELECT `INDEX_NAME`, `NON_UNIQUE`, `COLUMN_NAME` FROM `INFORMATION_SCHEMA`.`STATISTICS` WHERE `TABLE_SCHEMA` = ? AND `TABLE_NAME` = ? [gogs team]
[xorm] [info]  2016/03/10 05:03:41.776173 [sql] SELECT `COLUMN_NAME`, `IS_NULLABLE`, `COLUMN_DEFAULT`, `COLUMN_TYPE`, `COLUMN_KEY`, `EXTRA` FROM `INFORMATION_SCHEMA`.`COLUMNS` WHERE `TABLE_SCHEMA` = ? AND `TABLE_NAME` = ? [gogs team_repo]
[xorm] [info]  2016/03/10 05:03:41.777037 [sql] SELECT `INDEX_NAME`, `NON_UNIQUE`, `COLUMN_NAME` FROM `INFORMATION_SCHEMA`.`STATISTICS` WHERE `TABLE_SCHEMA` = ? AND `TABLE_NAME` = ? [gogs team_repo]
[xorm] [info]  2016/03/10 05:03:41.777459 [sql] SELECT `COLUMN_NAME`, `IS_NULLABLE`, `COLUMN_DEFAULT`, `COLUMN_TYPE`, `COLUMN_KEY`, `EXTRA` FROM `INFORMATION_SCHEMA`.`COLUMNS` WHERE `TABLE_SCHEMA` = ? AND `TABLE_NAME` = ? [gogs team_user]
[xorm] [info]  2016/03/10 05:03:41.778276 [sql] SELECT `INDEX_NAME`, `NON_UNIQUE`, `COLUMN_NAME` FROM `INFORMATION_SCHEMA`.`STATISTICS` WHERE `TABLE_SCHEMA` = ? AND `TABLE_NAME` = ? [gogs team_user]
[xorm] [info]  2016/03/10 05:03:41.778762 [sql] SELECT `COLUMN_NAME`, `IS_NULLABLE`, `COLUMN_DEFAULT`, `COLUMN_TYPE`, `COLUMN_KEY`, `EXTRA` FROM `INFORMATION_SCHEMA`.`COLUMNS` WHERE `TABLE_SCHEMA` = ? AND `TABLE_NAME` = ? [gogs update_task]
[xorm] [info]  2016/03/10 05:03:41.779517 [sql] SELECT `INDEX_NAME`, `NON_UNIQUE`, `COLUMN_NAME` FROM `INFORMATION_SCHEMA`.`STATISTICS` WHERE `TABLE_SCHEMA` = ? AND `TABLE_NAME` = ? [gogs update_task]
[xorm] [info]  2016/03/10 05:03:41.780429 [sql] SELECT `COLUMN_NAME`, `IS_NULLABLE`, `COLUMN_DEFAULT`, `COLUMN_TYPE`, `COLUMN_KEY`, `EXTRA` FROM `INFORMATION_SCHEMA`.`COLUMNS` WHERE `TABLE_SCHEMA` = ? AND `TABLE_NAME` = ? [gogs user]
[xorm] [info]  2016/03/10 05:03:41.781727 [sql] SELECT `INDEX_NAME`, `NON_UNIQUE`, `COLUMN_NAME` FROM `INFORMATION_SCHEMA`.`STATISTICS` WHERE `TABLE_SCHEMA` = ? AND `TABLE_NAME` = ? [gogs user]
[xorm] [info]  2016/03/10 05:03:41.784820 [sql] SELECT `COLUMN_NAME`, `IS_NULLABLE`, `COLUMN_DEFAULT`, `COLUMN_TYPE`, `COLUMN_KEY`, `EXTRA` FROM `INFORMATION_SCHEMA`.`COLUMNS` WHERE `TABLE_SCHEMA` = ? AND `TABLE_NAME` = ? [gogs version]
[xorm] [info]  2016/03/10 05:03:41.789491 [sql] SELECT `INDEX_NAME`, `NON_UNIQUE`, `COLUMN_NAME` FROM `INFORMATION_SCHEMA`.`STATISTICS` WHERE `TABLE_SCHEMA` = ? AND `TABLE_NAME` = ? [gogs version]
[xorm] [info]  2016/03/10 05:03:41.790659 [sql] SELECT `COLUMN_NAME`, `IS_NULLABLE`, `COLUMN_DEFAULT`, `COLUMN_TYPE`, `COLUMN_KEY`, `EXTRA` FROM `INFORMATION_SCHEMA`.`COLUMNS` WHERE `TABLE_SCHEMA` = ? AND `TABLE_NAME` = ? [gogs watch]
[xorm] [info]  2016/03/10 05:03:41.791536 [sql] SELECT `INDEX_NAME`, `NON_UNIQUE`, `COLUMN_NAME` FROM `INFORMATION_SCHEMA`.`STATISTICS` WHERE `TABLE_SCHEMA` = ? AND `TABLE_NAME` = ? [gogs watch]
[xorm] [info]  2016/03/10 05:03:41.792931 [sql] SELECT `COLUMN_NAME`, `IS_NULLABLE`, `COLUMN_DEFAULT`, `COLUMN_TYPE`, `COLUMN_KEY`, `EXTRA` FROM `INFORMATION_SCHEMA`.`COLUMNS` WHERE `TABLE_SCHEMA` = ? AND `TABLE_NAME` = ? [gogs webhook]
[xorm] [info]  2016/03/10 05:03:41.795150 [sql] SELECT `INDEX_NAME`, `NON_UNIQUE`, `COLUMN_NAME` FROM `INFORMATION_SCHEMA`.`STATISTICS` WHERE `TABLE_SCHEMA` = ? AND `TABLE_NAME` = ? [gogs webhook]
[xorm] [warn]  2016/03/10 05:03:41.798453 Table repository Column enable_wiki db default is 1, struct default is true
[xorm] [warn]  2016/03/10 05:03:41.798670 Table repository Column enable_issues db default is 1, struct default is true
[xorm] [warn]  2016/03/10 05:03:41.798763 Table repository Column enable_pulls db default is 1, struct default is true
[xorm] [warn]  2016/03/10 05:03:41.798862 Table repository Column is_fork db default is 0, struct default is false
[xorm] [warn]  2016/03/10 05:03:41.799117 Table action Column is_private db default is 0, struct default is false
[xorm] [warn]  2016/03/10 05:03:41.799641 Table release Column is_draft db default is 0, struct default is false
[xorm] [warn]  2016/03/10 05:03:41.799825 Table login_source Column is_actived db default is 0, struct default is false
[xorm] [info]  2016/03/10 05:03:41.814386 [sql] SELECT `id`, `type`, `status`, `issue_id`, `index`, `head_repo_id`, `base_repo_id`, `head_user_name`, `head_branch`, `base_branch`, `merge_base`, `has_merged`, `merged_commit_id`, `merged`, `merger_id` FROM `pull_request` WHERE `status` = ? [args] [[1]]
[xorm] [info]  2016/03/10 05:03:41.815160 [sql] SELECT repo.id FROM `repository` repo WHERE repo.num_watches!=(SELECT COUNT(*) FROM `watch` WHERE repo_id=repo.id)
[xorm] [info]  2016/03/10 05:03:41.815839 [sql] SELECT `id`, `repo_id`, `hook_id`, `uuid`, `type`, `url`, `payload_content`, `content_type`, `event_type`, `is_ssl`, `is_delivered`, `delivered`, `is_succeed`, `request_content`, `response_content` FROM `hook_task` WHERE is_delivered=? [args] [[false]]
[xorm] [info]  2016/03/10 05:03:41.859959 [sql] SELECT repo.id FROM `repository` repo WHERE repo.num_stars!=(SELECT COUNT(*) FROM `star` WHERE repo_id=repo.id)
[xorm] [info]  2016/03/10 05:03:41.861371 [sql] SELECT label.id FROM `label` WHERE label.num_issues!=(SELECT COUNT(*) FROM `issue_label` WHERE label_id=label.id)
[xorm] [info]  2016/03/10 05:03:41.862278 [sql] SELECT `user`.id FROM `user` WHERE `user`.num_repos!=(SELECT COUNT(*) FROM `repository` WHERE owner_id=`user`.id)
[xorm] [info]  2016/03/10 05:03:41.863091 [sql] SELECT `issue`.id FROM `issue` WHERE `issue`.num_comments!=(SELECT COUNT(*) FROM `comment` WHERE issue_id=`issue`.id AND type=0)
[xorm] [info]  2016/03/10 05:03:41.863336 [sql] SELECT repo.id FROM `repository` repo WHERE repo.num_forks!=(SELECT COUNT(*) FROM `repository` WHERE fork_id=repo.id)
