2016-08-25 12:07:03.085 [audit.system] system - Started
2016-08-25 12:12:53.230 [audit.system] system - Started
2016-08-25 12:16:13.304 [audit.system] system - Started
2016-08-25 12:39:46.981 [audit.system] system - Started
2016-08-25 15:16:36.380 [audit.system] system - Started
2016-08-25 17:10:04.279 [audit.security] admin - Logged in
2016-08-25 17:13:12.736 [audit.repository] admin - Updated CIs udm.Dictionary[Environments/test2/test2] 
2016-08-25 17:13:12.737 [audit.repository] admin -     CI [Environments/test2/test2]:
<udm.Dictionary id="Environments/test2/test2" created-by="admin" created-at="2016-04-05T13:05:20.160+0000" last-modified-by="admin" last-modified-at="2016-08-25T17:13:12.721+0000">
  <entries>
    <entry key="test_key2">Joey is an idiot</entry>
    <entry key="test_sleutel">wat een gelul</entry>
    <entry key="test_key1"></entry>
  </entries>
  <encryptedEntries>
    <entry key="geheim">e{{b64}5/dmnOG3Voy3adjO5aDSiA==}</entry>
  </encryptedEntries>
  <restrictToContainers/>
  <restrictToApplications/>
</udm.Dictionary>
